  [1m[35m (278.4ms)[0m  [1m[35mCREATE DATABASE "vimeo_clone_development" ENCODING = 'unicode'[0m
  ↳ bin/rails:9
  [1m[35m (134.8ms)[0m  [1m[35mCREATE DATABASE "vimeo_clone_test" ENCODING = 'unicode'[0m
  ↳ bin/rails:9
  [1m[35m (4.3ms)[0m  [1m[35mCREATE TABLE "schema_migrations" ("version" character varying NOT NULL PRIMARY KEY)[0m
  ↳ bin/rails:9
  [1m[35m (4.4ms)[0m  [1m[35mCREATE TABLE "ar_internal_metadata" ("key" character varying NOT NULL PRIMARY KEY, "value" character varying, "created_at" timestamp NOT NULL, "updated_at" timestamp NOT NULL)[0m
  ↳ bin/rails:9
  [1m[35m (0.2ms)[0m  [1m[34mSELECT pg_try_advisory_lock(8034612460701869280)[0m
  ↳ bin/rails:9
  [1m[35m (0.4ms)[0m  [1m[34mSELECT "schema_migrations"."version" FROM "schema_migrations" ORDER BY "schema_migrations"."version" ASC[0m
  ↳ bin/rails:9
Migrating to CreateUsers (20200302225701)
  [1m[35m (0.1ms)[0m  [1m[35mBEGIN[0m
  ↳ bin/rails:9
  [1m[35m (3.7ms)[0m  [1m[35mCREATE TABLE "users" ("id" bigserial primary key, "username" character varying NOT NULL, "email" character varying NOT NULL, "password_digest" character varying NOT NULL, "session_token" character varying NOT NULL, "created_at" timestamp NOT NULL, "updated_at" timestamp NOT NULL)[0m
  ↳ db/migrate/20200302225701_create_users.rb:3
  [1m[35m (1.0ms)[0m  [1m[35mCREATE UNIQUE INDEX  "index_users_on_username" ON "users"  ("username")[0m
  ↳ db/migrate/20200302225701_create_users.rb:10
  [1m[35m (0.6ms)[0m  [1m[35mCREATE UNIQUE INDEX  "index_users_on_email" ON "users"  ("email")[0m
  ↳ db/migrate/20200302225701_create_users.rb:11
  [1m[36mActiveRecord::SchemaMigration Create (0.3ms)[0m  [1m[32mINSERT INTO "schema_migrations" ("version") VALUES ($1) RETURNING "version"[0m  [["version", "20200302225701"]]
  ↳ bin/rails:9
  [1m[35m (0.4ms)[0m  [1m[35mCOMMIT[0m
  ↳ bin/rails:9
  [1m[36mActiveRecord::InternalMetadata Load (0.2ms)[0m  [1m[34mSELECT  "ar_internal_metadata".* FROM "ar_internal_metadata" WHERE "ar_internal_metadata"."key" = $1 LIMIT $2[0m  [["key", "environment"], ["LIMIT", 1]]
  ↳ bin/rails:9
  [1m[35m (0.1ms)[0m  [1m[35mBEGIN[0m
  ↳ bin/rails:9
  [1m[36mActiveRecord::InternalMetadata Create (0.2ms)[0m  [1m[32mINSERT INTO "ar_internal_metadata" ("key", "value", "created_at", "updated_at") VALUES ($1, $2, $3, $4) RETURNING "key"[0m  [["key", "environment"], ["value", "development"], ["created_at", "2020-03-02 23:34:41.715471"], ["updated_at", "2020-03-02 23:34:41.715471"]]
  ↳ bin/rails:9
  [1m[35m (0.2ms)[0m  [1m[35mCOMMIT[0m
  ↳ bin/rails:9
  [1m[35m (0.1ms)[0m  [1m[34mSELECT pg_advisory_unlock(8034612460701869280)[0m
  ↳ bin/rails:9
  [1m[35m (0.2ms)[0m  [1m[34mSELECT "schema_migrations"."version" FROM "schema_migrations" ORDER BY "schema_migrations"."version" ASC[0m
  ↳ bin/rails:9
Started GET "/" for ::1 at 2020-03-02 16:27:04 -0800
  [1m[35m (0.6ms)[0m  [1m[34mSELECT "schema_migrations"."version" FROM "schema_migrations" ORDER BY "schema_migrations"."version" ASC[0m
  ↳ /Users/tarik/.rbenv/versions/2.5.1/lib/ruby/gems/2.5.0/gems/activerecord-5.2.4.1/lib/active_record/log_subscriber.rb:98

ActiveRecord::PendingMigrationError - Migrations are pending. To resolve this issue, run:

        bin/rails db:migrate RAILS_ENV=development

:

Started POST "/__better_errors/05423b55726d406b/variables" for ::1 at 2020-03-02 16:27:05 -0800
  [1m[35m (0.6ms)[0m  [1m[34mSELECT "schema_migrations"."version" FROM "schema_migrations" ORDER BY "schema_migrations"."version" ASC[0m
  ↳ bin/rails:9
Started GET "/" for ::1 at 2020-03-02 16:28:22 -0800
  [1m[35m (0.2ms)[0m  [1m[34mSELECT "schema_migrations"."version" FROM "schema_migrations" ORDER BY "schema_migrations"."version" ASC[0m
  ↳ /Users/tarik/.rbenv/versions/2.5.1/lib/ruby/gems/2.5.0/gems/activerecord-5.2.4.1/lib/active_record/log_subscriber.rb:98

ActiveRecord::PendingMigrationError - Migrations are pending. To resolve this issue, run:

        bin/rails db:migrate RAILS_ENV=development

:

Started POST "/__better_errors/7d939c0a3eafec79/variables" for ::1 at 2020-03-02 16:28:22 -0800
Started GET "/" for ::1 at 2020-03-02 16:28:23 -0800
  [1m[35m (0.3ms)[0m  [1m[34mSELECT "schema_migrations"."version" FROM "schema_migrations" ORDER BY "schema_migrations"."version" ASC[0m
  ↳ /Users/tarik/.rbenv/versions/2.5.1/lib/ruby/gems/2.5.0/gems/activerecord-5.2.4.1/lib/active_record/log_subscriber.rb:98

ActiveRecord::PendingMigrationError - Migrations are pending. To resolve this issue, run:

        bin/rails db:migrate RAILS_ENV=development

:

Started POST "/__better_errors/f7d4cf2aa9b54c0f/variables" for ::1 at 2020-03-02 16:28:23 -0800
  [1m[35m (0.1ms)[0m  [1m[34mSELECT pg_try_advisory_lock(8034612460701869280)[0m
  ↳ bin/rails:9
  [1m[35m (0.7ms)[0m  [1m[34mSELECT "schema_migrations"."version" FROM "schema_migrations" ORDER BY "schema_migrations"."version" ASC[0m
  ↳ bin/rails:9
Migrating to CreateLikes (20200302225734)
  [1m[35m (0.1ms)[0m  [1m[35mBEGIN[0m
  ↳ bin/rails:9
  [1m[35m (3.4ms)[0m  [1m[35mCREATE TABLE "likes" ("id" bigserial primary key, "user_id" integer NOT NULL, "comment_id" integer NOT NULL, "created_at" timestamp NOT NULL, "updated_at" timestamp NOT NULL)[0m
  ↳ db/migrate/20200302225734_create_likes.rb:3
  [1m[35m (0.8ms)[0m  [1m[35mCREATE  INDEX  "index_likes_on_user_id" ON "likes"  ("user_id")[0m
  ↳ db/migrate/20200302225734_create_likes.rb:8
  [1m[35m (5.2ms)[0m  [1m[35mCREATE  INDEX  "index_comment_id_on_comment_id" ON "comment_id"  ("comment_id")[0m
  ↳ db/migrate/20200302225734_create_likes.rb:9
  [1m[35m (0.1ms)[0m  [1m[31mROLLBACK[0m
  ↳ bin/rails:9
  [1m[35m (0.3ms)[0m  [1m[34mSELECT pg_advisory_unlock(8034612460701869280)[0m
  ↳ bin/rails:9
  [1m[35m (0.6ms)[0m  [1m[34mSELECT "schema_migrations"."version" FROM "schema_migrations" ORDER BY "schema_migrations"."version" ASC[0m
  ↳ bin/rails:9
  [1m[35m (0.2ms)[0m  [1m[34mSELECT pg_try_advisory_lock(8034612460701869280)[0m
  ↳ bin/rails:9
  [1m[35m (0.6ms)[0m  [1m[34mSELECT "schema_migrations"."version" FROM "schema_migrations" ORDER BY "schema_migrations"."version" ASC[0m
  ↳ bin/rails:9
Migrating to CreateLikes (20200302225734)
  [1m[35m (0.1ms)[0m  [1m[35mBEGIN[0m
  ↳ bin/rails:9
  [1m[35m (3.5ms)[0m  [1m[35mCREATE TABLE "likes" ("id" bigserial primary key, "user_id" integer NOT NULL, "comment_id" integer NOT NULL, "created_at" timestamp NOT NULL, "updated_at" timestamp NOT NULL)[0m
  ↳ db/migrate/20200302225734_create_likes.rb:3
  [1m[35m (1.0ms)[0m  [1m[35mCREATE  INDEX  "index_likes_on_user_id" ON "likes"  ("user_id")[0m
  ↳ db/migrate/20200302225734_create_likes.rb:8
  [1m[35m (1.7ms)[0m  [1m[35mCREATE  INDEX  "index_comment_id_on_comment_id" ON "comment_id"  ("comment_id")[0m
  ↳ db/migrate/20200302225734_create_likes.rb:9
  [1m[35m (0.1ms)[0m  [1m[31mROLLBACK[0m
  ↳ bin/rails:9
  [1m[35m (0.2ms)[0m  [1m[34mSELECT pg_advisory_unlock(8034612460701869280)[0m
  ↳ bin/rails:9
  [1m[35m (0.2ms)[0m  [1m[34mSELECT pg_try_advisory_lock(8034612460701869280)[0m
  ↳ bin/rails:9
  [1m[35m (0.7ms)[0m  [1m[34mSELECT "schema_migrations"."version" FROM "schema_migrations" ORDER BY "schema_migrations"."version" ASC[0m
  ↳ bin/rails:9
Migrating to CreateLikes (20200302225734)
  [1m[35m (0.1ms)[0m  [1m[35mBEGIN[0m
  ↳ bin/rails:9
  [1m[35m (3.8ms)[0m  [1m[35mCREATE TABLE "likes" ("id" bigserial primary key, "user_id" integer NOT NULL, "comment_id" integer NOT NULL, "created_at" timestamp NOT NULL, "updated_at" timestamp NOT NULL)[0m
  ↳ db/migrate/20200302225734_create_likes.rb:3
  [1m[35m (0.9ms)[0m  [1m[35mCREATE  INDEX  "index_likes_on_user_id" ON "likes"  ("user_id")[0m
  ↳ db/migrate/20200302225734_create_likes.rb:8
  [1m[35m (0.8ms)[0m  [1m[35mCREATE  INDEX  "index_likes_on_comment_id" ON "likes"  ("comment_id")[0m
  ↳ db/migrate/20200302225734_create_likes.rb:9
  [1m[36mActiveRecord::SchemaMigration Create (0.3ms)[0m  [1m[32mINSERT INTO "schema_migrations" ("version") VALUES ($1) RETURNING "version"[0m  [["version", "20200302225734"]]
  ↳ bin/rails:9
  [1m[35m (0.3ms)[0m  [1m[35mCOMMIT[0m
  ↳ bin/rails:9
Migrating to CreateComments (20200302225741)
  [1m[35m (0.2ms)[0m  [1m[35mBEGIN[0m
  ↳ bin/rails:9
  [1m[35m (3.3ms)[0m  [1m[35mCREATE TABLE "comments" ("id" bigserial primary key, "user_id" integer NOT NULL, "parent_comment_id" integer, "post_id" integer NOT NULL, "body" text NOT NULL, "created_at" timestamp NOT NULL, "updated_at" timestamp NOT NULL)[0m
  ↳ db/migrate/20200302225741_create_comments.rb:3
  [1m[35m (0.8ms)[0m  [1m[35mCREATE  INDEX  "index_comments_on_user_id" ON "comments"  ("user_id")[0m
  ↳ db/migrate/20200302225741_create_comments.rb:10
  [1m[35m (0.7ms)[0m  [1m[35mCREATE  INDEX  "index_comments_on_parent_comment_id" ON "comments"  ("parent_comment_id")[0m
  ↳ db/migrate/20200302225741_create_comments.rb:11
  [1m[35m (0.8ms)[0m  [1m[35mCREATE  INDEX  "index_comments_on_post_id" ON "comments"  ("post_id")[0m
  ↳ db/migrate/20200302225741_create_comments.rb:12
  [1m[36mActiveRecord::SchemaMigration Create (0.2ms)[0m  [1m[32mINSERT INTO "schema_migrations" ("version") VALUES ($1) RETURNING "version"[0m  [["version", "20200302225741"]]
  ↳ bin/rails:9
  [1m[35m (0.4ms)[0m  [1m[35mCOMMIT[0m
  ↳ bin/rails:9
Migrating to CreatePosts (20200302225751)
  [1m[35m (0.2ms)[0m  [1m[35mBEGIN[0m
  ↳ bin/rails:9
  [1m[35m (4.7ms)[0m  [1m[35mCREATE TABLE "posts" ("id" bigserial primary key, "user_id" integer NOT NULL, "category_id" integer NOT NULL, "active_storage_video_id" integer NOT NULL, "description" text NOT NULL, "password_protected" boolean NOT NULL, "password_digest" character varying, "created_at" timestamp NOT NULL, "updated_at" timestamp NOT NULL)[0m
  ↳ db/migrate/20200302225751_create_posts.rb:3
  [1m[35m (0.8ms)[0m  [1m[35mCREATE  INDEX  "index_posts_on_user_id" ON "posts"  ("user_id")[0m
  ↳ db/migrate/20200302225751_create_posts.rb:12
  [1m[35m (0.9ms)[0m  [1m[35mCREATE  INDEX  "index_posts_on_category_id" ON "posts"  ("category_id")[0m
  ↳ db/migrate/20200302225751_create_posts.rb:13
  [1m[35m (1.0ms)[0m  [1m[35mCREATE  INDEX  "index_posts_on_active_storage_video_id" ON "posts"  ("active_storage_video_id")[0m
  ↳ db/migrate/20200302225751_create_posts.rb:14
  [1m[36mActiveRecord::SchemaMigration Create (0.2ms)[0m  [1m[32mINSERT INTO "schema_migrations" ("version") VALUES ($1) RETURNING "version"[0m  [["version", "20200302225751"]]
  ↳ bin/rails:9
  [1m[35m (0.3ms)[0m  [1m[35mCOMMIT[0m
  ↳ bin/rails:9
Migrating to CreateFollowers (20200302225758)
  [1m[35m (0.2ms)[0m  [1m[35mBEGIN[0m
  ↳ bin/rails:9
  [1m[35m (2.2ms)[0m  [1m[35mCREATE TABLE "followers" ("id" bigserial primary key, "user_id" integer NOT NULL, "follower_id" integer NOT NULL, "created_at" timestamp NOT NULL, "updated_at" timestamp NOT NULL)[0m
  ↳ db/migrate/20200302225758_create_followers.rb:3
  [1m[35m (0.8ms)[0m  [1m[35mCREATE  INDEX  "index_followers_on_user_id" ON "followers"  ("user_id")[0m
  ↳ db/migrate/20200302225758_create_followers.rb:8
  [1m[35m (0.8ms)[0m  [1m[35mCREATE  INDEX  "index_followers_on_follower_id" ON "followers"  ("follower_id")[0m
  ↳ db/migrate/20200302225758_create_followers.rb:9
  [1m[36mActiveRecord::SchemaMigration Create (0.2ms)[0m  [1m[32mINSERT INTO "schema_migrations" ("version") VALUES ($1) RETURNING "version"[0m  [["version", "20200302225758"]]
  ↳ bin/rails:9
  [1m[35m (0.3ms)[0m  [1m[35mCOMMIT[0m
  ↳ bin/rails:9
Migrating to CreateVideoPlays (20200302225841)
  [1m[35m (0.2ms)[0m  [1m[35mBEGIN[0m
  ↳ bin/rails:9
  [1m[35m (2.9ms)[0m  [1m[35mCREATE TABLE "video_plays" ("id" bigserial primary key, "user_id" integer NOT NULL, "post_id" integer NOT NULL, "created_at" timestamp NOT NULL, "updated_at" timestamp NOT NULL)[0m
  ↳ db/migrate/20200302225841_create_video_plays.rb:3
  [1m[35m (0.8ms)[0m  [1m[31mROLLBACK[0m
  ↳ bin/rails:9
  [1m[35m (0.2ms)[0m  [1m[34mSELECT pg_advisory_unlock(8034612460701869280)[0m
  ↳ bin/rails:9
  [1m[35m (0.2ms)[0m  [1m[34mSELECT pg_try_advisory_lock(8034612460701869280)[0m
  ↳ bin/rails:9
  [1m[35m (0.6ms)[0m  [1m[34mSELECT "schema_migrations"."version" FROM "schema_migrations" ORDER BY "schema_migrations"."version" ASC[0m
  ↳ bin/rails:9
Migrating to CreateVideoPlays (20200302225841)
  [1m[35m (0.1ms)[0m  [1m[35mBEGIN[0m
  ↳ bin/rails:9
  [1m[35m (3.3ms)[0m  [1m[35mCREATE TABLE "video_plays" ("id" bigserial primary key, "user_id" integer NOT NULL, "post_id" integer NOT NULL, "created_at" timestamp NOT NULL, "updated_at" timestamp NOT NULL)[0m
  ↳ db/migrate/20200302225841_create_video_plays.rb:3
  [1m[35m (1.7ms)[0m  [1m[35mCREATE  INDEX  "index_user_id_on_user_id" ON "user_id"  ("user_id")[0m
  ↳ db/migrate/20200302225841_create_video_plays.rb:8
  [1m[35m (0.1ms)[0m  [1m[31mROLLBACK[0m
  ↳ bin/rails:9
  [1m[35m (0.1ms)[0m  [1m[34mSELECT pg_advisory_unlock(8034612460701869280)[0m
  ↳ bin/rails:9
  [1m[35m (0.2ms)[0m  [1m[34mSELECT pg_try_advisory_lock(8034612460701869280)[0m
  ↳ bin/rails:9
  [1m[35m (0.6ms)[0m  [1m[34mSELECT "schema_migrations"."version" FROM "schema_migrations" ORDER BY "schema_migrations"."version" ASC[0m
  ↳ bin/rails:9
Migrating to CreateVideoPlays (20200302225841)
  [1m[35m (0.1ms)[0m  [1m[35mBEGIN[0m
  ↳ bin/rails:9
  [1m[35m (3.5ms)[0m  [1m[35mCREATE TABLE "video_plays" ("id" bigserial primary key, "user_id" integer NOT NULL, "post_id" integer NOT NULL, "created_at" timestamp NOT NULL, "updated_at" timestamp NOT NULL)[0m
  ↳ db/migrate/20200302225841_create_video_plays.rb:3
  [1m[35m (0.8ms)[0m  [1m[35mCREATE  INDEX  "index_video_plays_on_user_id" ON "video_plays"  ("user_id")[0m
  ↳ db/migrate/20200302225841_create_video_plays.rb:8
  [1m[35m (0.9ms)[0m  [1m[35mCREATE  INDEX  "index_video_plays_on_post_id" ON "video_plays"  ("post_id")[0m
  ↳ db/migrate/20200302225841_create_video_plays.rb:9
  [1m[36mActiveRecord::SchemaMigration Create (0.2ms)[0m  [1m[32mINSERT INTO "schema_migrations" ("version") VALUES ($1) RETURNING "version"[0m  [["version", "20200302225841"]]
  ↳ bin/rails:9
  [1m[35m (0.4ms)[0m  [1m[35mCOMMIT[0m
  ↳ bin/rails:9
Migrating to CreateVideoCategories (20200302225933)
  [1m[35m (0.1ms)[0m  [1m[35mBEGIN[0m
  ↳ bin/rails:9
  [1m[35m (3.4ms)[0m  [1m[35mCREATE TABLE "video_categories" ("id" bigserial primary key, "name" character varying NOT NULL, "created_at" timestamp NOT NULL, "updated_at" timestamp NOT NULL)[0m
  ↳ db/migrate/20200302225933_create_video_categories.rb:3
  [1m[36mActiveRecord::SchemaMigration Create (0.2ms)[0m  [1m[32mINSERT INTO "schema_migrations" ("version") VALUES ($1) RETURNING "version"[0m  [["version", "20200302225933"]]
  ↳ bin/rails:9
  [1m[35m (0.3ms)[0m  [1m[35mCOMMIT[0m
  ↳ bin/rails:9
  [1m[36mActiveRecord::InternalMetadata Load (0.3ms)[0m  [1m[34mSELECT  "ar_internal_metadata".* FROM "ar_internal_metadata" WHERE "ar_internal_metadata"."key" = $1 LIMIT $2[0m  [["key", "environment"], ["LIMIT", 1]]
  ↳ bin/rails:9
  [1m[35m (0.1ms)[0m  [1m[35mBEGIN[0m
  ↳ bin/rails:9
  [1m[35m (0.1ms)[0m  [1m[35mCOMMIT[0m
  ↳ bin/rails:9
  [1m[35m (0.2ms)[0m  [1m[34mSELECT pg_advisory_unlock(8034612460701869280)[0m
  ↳ bin/rails:9
  [1m[35m (0.2ms)[0m  [1m[34mSELECT "schema_migrations"."version" FROM "schema_migrations" ORDER BY "schema_migrations"."version" ASC[0m
  ↳ bin/rails:9
Started GET "/" for ::1 at 2020-03-02 16:32:00 -0800
  [1m[35m (0.3ms)[0m  [1m[34mSELECT "schema_migrations"."version" FROM "schema_migrations" ORDER BY "schema_migrations"."version" ASC[0m
  ↳ /Users/tarik/.rbenv/versions/2.5.1/lib/ruby/gems/2.5.0/gems/activerecord-5.2.4.1/lib/active_record/log_subscriber.rb:98
Processing by StaticPagesController#root as HTML
  Rendering static_pages/root.html.erb within layouts/application
  Rendered static_pages/root.html.erb within layouts/application (1.3ms)
Completed 200 OK in 1503ms (Views: 1498.2ms | ActiveRecord: 0.0ms)


Started GET "/" for ::1 at 2020-03-02 16:33:51 -0800
Processing by StaticPagesController#root as HTML
  Rendering static_pages/root.html.erb within layouts/application
  Rendered static_pages/root.html.erb within layouts/application (0.2ms)
Completed 200 OK in 281ms (Views: 279.1ms | ActiveRecord: 0.0ms)


Started GET "/" for ::1 at 2020-03-02 16:34:21 -0800
Processing by StaticPagesController#root as HTML
  Rendering static_pages/root.html.erb within layouts/application
  Rendered static_pages/root.html.erb within layouts/application (0.3ms)
Completed 200 OK in 286ms (Views: 283.5ms | ActiveRecord: 0.0ms)


Started GET "/" for ::1 at 2020-03-02 16:34:29 -0800
Processing by StaticPagesController#root as HTML
  Rendering static_pages/root.html.erb within layouts/application
  Rendered static_pages/root.html.erb within layouts/application (0.2ms)
Completed 200 OK in 314ms (Views: 312.2ms | ActiveRecord: 0.0ms)


Started GET "/" for ::1 at 2020-03-02 16:35:57 -0800
Processing by StaticPagesController#root as HTML
  Rendering static_pages/root.html.erb within layouts/application
  Rendered static_pages/root.html.erb within layouts/application (0.3ms)
Completed 200 OK in 322ms (Views: 319.6ms | ActiveRecord: 0.0ms)


Started GET "/" for ::1 at 2020-03-02 16:36:54 -0800
Processing by StaticPagesController#root as HTML
  Rendering static_pages/root.html.erb within layouts/application
  Rendered static_pages/root.html.erb within layouts/application (0.2ms)
Completed 200 OK in 324ms (Views: 321.7ms | ActiveRecord: 0.0ms)


Started GET "/" for ::1 at 2020-03-02 16:36:55 -0800
Processing by StaticPagesController#root as HTML
  Rendering static_pages/root.html.erb within layouts/application
  Rendered static_pages/root.html.erb within layouts/application (0.2ms)
Completed 200 OK in 20ms (Views: 18.0ms | ActiveRecord: 0.0ms)


Started GET "/" for ::1 at 2020-03-02 16:37:24 -0800
Processing by StaticPagesController#root as HTML
  Rendering static_pages/root.html.erb within layouts/application
  Rendered static_pages/root.html.erb within layouts/application (0.3ms)
Completed 200 OK in 272ms (Views: 270.5ms | ActiveRecord: 0.0ms)


